#
# A fatal error has been detected by the Java Runtime Environment:
#
#  EXCEPTION_ACCESS_VIOLATION (0xc0000005) at pc=0x000000006f73dadf, pid=11452, tid=0x0000000000001dd4
#
# JRE version: Java(TM) SE Runtime Environment (8.0_101-b13) (build 1.8.0_101-b13)
# Java VM: Java HotSpot(TM) 64-Bit Server VM (25.101-b13 mixed mode windows-amd64 compressed oops)
# Problematic frame:
# V  [jvm.dll+0x1ddadf]
#
# Failed to write core dump. Minidumps are not enabled by default on client versions of Windows
#
# If you would like to submit a bug report, please visit:
#   http://bugreport.java.com/bugreport/crash.jsp
#

---------------  T H R E A D  ---------------

Current thread (0x000000000243c000):  JavaThread "main" [_thread_in_vm, id=7636, stack(0x0000000002670000,0x0000000002770000)]

siginfo: ExceptionCode=0xc0000005, reading address 0x00000007d80530a4

Registers:
RAX=0x000000076afe5a08, RBX=0x000000000243c000, RCX=0x0000000000000c00, RDX=0x000000000276f760
RSP=0x000000000276f670, RBP=0x000000000276f758, RSI=0x000000000243c1f8, RDI=0x0000000000000000
R8 =0x000000000276f758, R9 =0x000000006d06d69c, R10=0x0000000002787f28, R11=0x000000006f78b4a0
R12=0x000000006d06d69c, R13=0x000000001b6ac010, R14=0x000000000276f760, R15=0x000000000243c000
RIP=0x000000006f73dadf, EFLAGS=0x0000000000010202

Top of Stack: (sp=0x000000000276f670)
0x000000000276f670:   00000000000000b6 000000000243c000
0x000000000276f680:   000000001b6ac010 0000000000000002
0x000000000276f690:   0000000000000000 0000000002787f54
0x000000000276f6a0:   000000001b6ac010 000000000276f728
0x000000000276f6b0:   0000000000000002 0000000002777da0
0x000000000276f6c0:   000000000243c000 000000001b6ac010
0x000000000276f6d0:   0000000000000002 000000000243c000
0x000000000276f6e0:   0000000002787c82 000000000276f6e8
0x000000000276f6f0:   000000001b6ac010 000000000276f760
0x000000000276f700:   000000001b6db058 0000000000000000
0x000000000276f710:   000000001b6ac010 0000000000000000
0x000000000276f720:   000000000276f748 000000000276f7a8
0x000000000276f730:   00000000027780e0 0000000000000000
0x000000000276f740:   00000000027819db 000000006d06d69c
0x000000000276f750:   0000000000000002 000000076afe5a08
0x000000000276f760:   000000076af089b8 000000000276f768 

Instructions: (pc=0x000000006f73dadf)
0x000000006f73dabf:   00 c7 83 70 02 00 00 06 00 00 00 48 8b c7 48 85
0x000000006f73dacf:   ed 74 04 48 8b 45 00 40 38 3d 93 d8 62 00 74 1c
0x000000006f73dadf:   42 8b 0c 20 85 c9 74 18 8b f9 8b 0d a1 0c 5c 00
0x000000006f73daef:   48 d3 e7 48 03 3d 8f 0c 5c 00 eb 04 4a 8b 3c 20 


Register to memory mapping:

RAX=0x000000076afe5a08 is an oop
java.lang.Class 
 - klass: 'java/lang/Class'
RBX=0x000000000243c000 is a thread
RCX=0x0000000000000c00 is an unknown value
RDX=0x000000000276f760 is pointing into the stack for thread: 0x000000000243c000
RSP=0x000000000276f670 is pointing into the stack for thread: 0x000000000243c000
RBP=0x000000000276f758 is pointing into the stack for thread: 0x000000000243c000
RSI=0x000000000243c1f8 is an unknown value
RDI=0x0000000000000000 is an unknown value
R8 =0x000000000276f758 is pointing into the stack for thread: 0x000000000243c000
R9 =0x000000006d06d69c is an unknown value
R10=0x0000000002787f28 is at code_begin+840 in an Interpreter codelet
method entry point (kind = native)  [0x0000000002787be0, 0x0000000002788540]  2400 bytes
R11=0x000000006f78b4a0 is an unknown value
R12=0x000000006d06d69c is an unknown value
R13={method} {0x000000001b6ac018} 'getObject' '(Ljava/lang/Object;J)Ljava/lang/Object;' in 'sun/misc/Unsafe'
R14=0x000000000276f760 is pointing into the stack for thread: 0x000000000243c000
R15=0x000000000243c000 is a thread


Stack: [0x0000000002670000,0x0000000002770000],  sp=0x000000000276f670,  free space=1021k
Native frames: (J=compiled Java code, j=interpreted, Vv=VM code, C=native code)
V  [jvm.dll+0x1ddadf]
C  0x0000000002787f54

Java frames: (J=compiled Java code, j=interpreted, Vv=VM code)
j  sun.misc.Unsafe.getObject(Ljava/lang/Object;J)Ljava/lang/Object;+0
j  sun.misc.Unsafe.getObject(Ljava/lang/Object;I)Ljava/lang/Object;+4
j  com.offheap.UnsafeTest.main([Ljava/lang/String;)V+112
v  ~StubRoutines::call_stub

---------------  P R O C E S S  ---------------

Java Threads: ( => current thread )
  0x000000001d4b5800 JavaThread "Service Thread" daemon [_thread_blocked, id=7528, stack(0x000000001d980000,0x000000001da80000)]
  0x000000001d43a000 JavaThread "C1 CompilerThread2" daemon [_thread_blocked, id=13116, stack(0x000000001df90000,0x000000001e090000)]
  0x000000001d434800 JavaThread "C2 CompilerThread1" daemon [_thread_blocked, id=4376, stack(0x000000001ddd0000,0x000000001ded0000)]
  0x000000001c02f800 JavaThread "C2 CompilerThread0" daemon [_thread_blocked, id=9076, stack(0x000000001dc20000,0x000000001dd20000)]
  0x000000001c02e800 JavaThread "Attach Listener" daemon [_thread_blocked, id=10664, stack(0x000000001da80000,0x000000001db80000)]
  0x000000001d41a800 JavaThread "Signal Dispatcher" daemon [_thread_blocked, id=2856, stack(0x000000001d840000,0x000000001d940000)]
  0x000000001c00c800 JavaThread "Finalizer" daemon [_thread_blocked, id=9396, stack(0x000000001d310000,0x000000001d410000)]
  0x000000001bfc5000 JavaThread "Reference Handler" daemon [_thread_blocked, id=6492, stack(0x000000001d180000,0x000000001d280000)]
=>0x000000000243c000 JavaThread "main" [_thread_in_vm, id=7636, stack(0x0000000002670000,0x0000000002770000)]

Other Threads:
  0x000000001bfbd800 VMThread [stack: 0x000000001cf60000,0x000000001d060000] [id=10544]
  0x000000001d4bc000 WatcherThread [stack: 0x000000001e240000,0x000000001e340000] [id=8748]

VM state:not at safepoint (normal execution)

VM Mutex/Monitor currently owned by a thread: None

Heap:
 PSYoungGen      total 76288K, used 2621K [0x000000076af00000, 0x0000000770400000, 0x00000007c0000000)
  eden space 65536K, 4% used [0x000000076af00000,0x000000076b18f5e8,0x000000076ef00000)
  from space 10752K, 0% used [0x000000076f980000,0x000000076f980000,0x0000000770400000)
  to   space 10752K, 0% used [0x000000076ef00000,0x000000076ef00000,0x000000076f980000)
 ParOldGen       total 175104K, used 0K [0x00000006c0c00000, 0x00000006cb700000, 0x000000076af00000)
  object space 175104K, 0% used [0x00000006c0c00000,0x00000006c0c00000,0x00000006cb700000)
 Metaspace       used 2685K, capacity 4490K, committed 4864K, reserved 1056768K
  class space    used 290K, capacity 386K, committed 512K, reserved 1048576K

Card table byte_map: [0x0000000011b30000,0x0000000012330000] byte_map_base: 0x000000000e52a000

Marking Bits: (ParMarkBitMap*) 0x000000006fd7a6d0
 Begin Bits: [0x0000000012e90000, 0x0000000016e60000)
 End Bits:   [0x0000000016e60000, 0x000000001ae30000)

Polling page: 0x0000000000330000

CodeCache: size=245760Kb used=1129Kb max_used=1129Kb free=244631Kb
 bounds [0x0000000002770000, 0x00000000029e0000, 0x0000000011770000]
 total_blobs=275 nmethods=40 adapters=148
 compilation: enabled

Compilation events (10 events):
Event: 0.150 Thread 0x000000001d43a000   36       3       java.util.Arrays::copyOf (19 bytes)
Event: 0.150 Thread 0x000000001d43a000 nmethod 36 0x0000000002887110 code [0x0000000002887280, 0x00000000028875a8]
Event: 0.151 Thread 0x000000001d43a000   37       3       java.lang.String::lastIndexOf (52 bytes)
Event: 0.151 Thread 0x000000001d43a000 nmethod 37 0x00000000028876d0 code [0x0000000002887860, 0x0000000002887c08]
Event: 0.151 Thread 0x000000001d43a000   39       3       java.util.HashMap::putVal (300 bytes)
Event: 0.152 Thread 0x000000001d43a000 nmethod 39 0x0000000002887d90 code [0x0000000002888000, 0x00000000028892f8]
Event: 0.152 Thread 0x000000001d43a000   40       3       java.lang.String::startsWith (72 bytes)
Event: 0.152 Thread 0x000000001d43a000 nmethod 40 0x00000000028899d0 code [0x0000000002889b40, 0x0000000002889e70]
Event: 0.152 Thread 0x000000001d43a000   38       3       java.util.HashMap::put (13 bytes)
Event: 0.152 Thread 0x000000001d43a000 nmethod 38 0x000000000288a050 code [0x000000000288a1e0, 0x000000000288a598]

GC Heap History (0 events):
No events

Deoptimization events (0 events):
No events

Internal exceptions (2 events):
Event: 0.045 Thread 0x000000000243c000 Exception <a 'java/lang/NoSuchMethodError': Method sun.misc.Unsafe.defineClass(Ljava/lang/String;[BII)Ljava/lang/Class; name or signature does not match> (0x000000076af07cc0) thrown at [C:\re\workspace\8-2-build-windows-amd64-cygwin\jdk8u101\7261\hotspot\s•XÄ#§?
Event: 0.045 Thread 0x000000000243c000 Exception <a 'java/lang/NoSuchMethodError': Method sun.misc.Unsafe.prefetchRead(Ljava/lang/Object;J)V name or signature does not match> (0x000000076af07fa8) thrown at [C:\re\workspace\8-2-build-windows-amd64-cygwin\jdk8u101\7261\hotspot\src\share\vm\prims\

Events (10 events):
Event: 0.151 loading class java/lang/Void
Event: 0.151 loading class java/lang/Void done
Event: 0.151 loading class sun/reflect/UnsafeFieldAccessorFactory
Event: 0.151 loading class sun/reflect/UnsafeFieldAccessorFactory done
Event: 0.151 loading class sun/reflect/UnsafeQualifiedStaticObjectFieldAccessorImpl
Event: 0.151 loading class sun/reflect/UnsafeQualifiedStaticFieldAccessorImpl
Event: 0.151 loading class sun/reflect/UnsafeQualifiedStaticFieldAccessorImpl done
Event: 0.151 loading class sun/reflect/UnsafeQualifiedStaticObjectFieldAccessorImpl done
Event: 0.151 loading class com/route/Person
Event: 0.151 loading class com/route/Person done


Dynamic libraries:
0x000000013f6c0000 - 0x000000013f6f7000 	D:\Program Files\Java\jdk1.8.0_101\bin\javaw.exe
0x0000000077c20000 - 0x0000000077dbf000 	C:\Windows\SYSTEM32\ntdll.dll
0x0000000077b00000 - 0x0000000077c1f000 	C:\Windows\system32\kernel32.dll
0x000007fefd7d0000 - 0x000007fefd83a000 	C:\Windows\system32\KERNELBASE.dll
0x000007fefe310000 - 0x000007fefe3eb000 	C:\Windows\system32\ADVAPI32.dll
0x000007fefe270000 - 0x000007fefe30f000 	C:\Windows\system32\msvcrt.dll
0x000007feff4e0000 - 0x000007feff4ff000 	C:\Windows\SYSTEM32\sechost.dll
0x000007feff500000 - 0x000007feff62d000 	C:\Windows\system32\RPCRT4.dll
0x0000000077a00000 - 0x0000000077afa000 	C:\Windows\system32\USER32.dll
0x000007fefdb50000 - 0x000007fefdbb7000 	C:\Windows\system32\GDI32.dll
0x000007feff630000 - 0x000007feff63e000 	C:\Windows\system32\LPK.dll
0x000007fefe1a0000 - 0x000007fefe26b000 	C:\Windows\system32\USP10.dll
0x000007fefc340000 - 0x000007fefc534000 	C:\Windows\WinSxS\amd64_microsoft.windows.common-controls_6595b64144ccf1df_6.0.7601.17514_none_fa396087175ac9ac\COMCTL32.dll
0x000007feff640000 - 0x000007feff6b1000 	C:\Windows\system32\SHLWAPI.dll
0x000007fefe3f0000 - 0x000007fefe41e000 	C:\Windows\system32\IMM32.DLL
0x000007fefdf00000 - 0x000007fefe009000 	C:\Windows\system32\MSCTF.dll
0x000000005eca0000 - 0x000000005ed72000 	D:\Program Files\Java\jdk1.8.0_101\jre\bin\msvcr100.dll
0x000000006f560000 - 0x000000006fdfa000 	D:\Program Files\Java\jdk1.8.0_101\jre\bin\server\jvm.dll
0x000007fefc1e0000 - 0x000007fefc1e9000 	C:\Windows\system32\WSOCK32.dll
0x000007fefdea0000 - 0x000007fefdeed000 	C:\Windows\system32\WS2_32.dll
0x000007fefdef0000 - 0x000007fefdef8000 	C:\Windows\system32\NSI.dll
0x000007fefb1d0000 - 0x000007fefb20b000 	C:\Windows\system32\WINMM.dll
0x000007fefc9e0000 - 0x000007fefc9ec000 	C:\Windows\system32\VERSION.dll
0x0000000077dc0000 - 0x0000000077dc7000 	C:\Windows\system32\PSAPI.DLL
0x0000000070940000 - 0x000000007094f000 	D:\Program Files\Java\jdk1.8.0_101\jre\bin\verify.dll
0x0000000060750000 - 0x0000000060779000 	D:\Program Files\Java\jdk1.8.0_101\jre\bin\java.dll
0x0000000060730000 - 0x0000000060746000 	D:\Program Files\Java\jdk1.8.0_101\jre\bin\zip.dll
0x000007fefe420000 - 0x000007feff1aa000 	C:\Windows\system32\SHELL32.dll
0x000007fefdbc0000 - 0x000007fefddbf000 	C:\Windows\system32\ole32.dll
0x000007fefd770000 - 0x000007fefd77f000 	C:\Windows\system32\profapi.dll
0x000007fef8d70000 - 0x000007fef8e95000 	C:\Windows\system32\dbghelp.dll

VM Arguments:
jvm_args: -Dfile.encoding=utf-8 
java_command: com.offheap.UnsafeTest
java_class_path (initial): E:\workspace\routetest\route\target\classes;D:\eclipse\plugins\org.junit_4.12.0.v201504281640\junit.jar;D:\eclipse\plugins\org.hamcrest.core_1.3.0.v201303031735.jar;D:\.m2\repository\org\slf4j\slf4j-api\1.7.7\slf4j-api-1.7.7.jar;D:\.m2\repository\org\slf4j\slf4j-log4j12\1.7.7\slf4j-log4j12-1.7.7.jar;E:\workspace\apache-log4j-1.2.17\target\classes;D:\.m2\repository\org\slf4j\jcl-over-slf4j\1.7.7\jcl-over-slf4j-1.7.7.jar;D:\.m2\repository\org\slf4j\jul-to-slf4j\1.7.7\jul-to-slf4j-1.7.7.jar;D:\.m2\repository\com\alibaba\fastjson\1.2.38\fastjson-1.2.38.jar;D:\.m2\repository\mysql\mysql-connector-java\5.1.42\mysql-connector-java-5.1.42.jar;D:\.m2\repository\org\javassist\javassist\3.21.0-GA\javassist-3.21.0-GA.jar;D:\.m2\repository\org\seleniumhq\selenium\selenium-java\3.8.1\selenium-java-3.8.1.jar;D:\.m2\repository\org\seleniumhq\selenium\selenium-api\3.8.1\selenium-api-3.8.1.jar;D:\.m2\repository\org\seleniumhq\selenium\selenium-chrome-driver\3.8.1\selenium-chrome-driver-3.8.1.jar;D:\.m2\repository\org\seleniumhq\selenium\selenium-edge-driver\3.8.1\selenium-edge-driver-3.8.1.jar;D:\.m2\repository\org\seleniumhq\selenium\selenium-firefox-driver\3.8.1\selenium-firefox-driver-3.8.1.jar;D:\.m2\repository\org\seleniumhq\selenium\selenium-ie-driver\3.8.1\selenium-ie-driver-3.8.1.jar;D:\.m2\repository\org\seleniumhq\selenium\selenium-opera-driver\3.8.1\selenium-opera-driver-3.8.1.jar;D:\.m2\repository\org\seleniumhq\selenium\selenium-remote-driver\3.8.1\selenium-remote-driver-3.8.1.jar;D:\.m2\repository\org\seleniumhq\selenium\selenium-safari-driver\3.8.1\selenium-safari-driver-3.8.1.jar;D:\.m2\repository\org\seleniumhq\selenium\selenium-support\3.8.1\selenium-support-3.8.1.jar;D:\.m2\repository\net\bytebuddy\byte-buddy\1.7.5\byte-buddy-1.7.5.jar;D:\.m2\repository\org\apache\commons\commons-exec\1.3\commons-exec-1.3.jar;D:\.m2\repository\commons-codec\commons-codec\1.10\commons-codec-1.10.jar;D:\.m2\repository\commons-logging\commons-logging\1.2\c
Launcher Type: SUN_STANDARD

Environment Variables:
JAVA_HOME=D:\Progra~1\Java\jdk1.8.0_101
CLASSPATH=.;D:\Progra~1\Java\jdk1.8.0_101\lib\dt.jar;D:\Progra~1\Java\jdk1.8.0_101\lib\tools.jar;
PATH=D:/Program Files/Java/jdk1.8.0_101/jre/bin/server;D:/Program Files/Java/jdk1.8.0_101/jre/bin;D:/Program Files/Java/jdk1.8.0_101/jre/lib/amd64;F:\app\Administrator\product\11.2.0\dbhome_2\bin;D:\Program Files\Java\jdk1.8.0_101\jre\bin;C:\Anaconda2;C:\Anaconda2\Scripts;C:\Anaconda2\Library\bin;C:\Program Files (x86)\GtkSharp\2.12\bin;C:\Windows\System32;F:\VisualSVN Server\bin;C:\Program Files (x86)\Microsoft SQL Server\100\Tools\Binn\;C:\Program Files (x86)\Microsoft SQL Server\100\DTS\Binn\;C:\Program Files (x86)\Microsoft SQL Server\100\Tools\Binn\VSShell\Common7\IDE\;C:\strawberry\c\bin;C:\strawberry\perl\bin;C:\Program Files\MySQL\MySQL Utilities 1.6\;D:\apache-maven-3.5.0\bin;D:\scala\bin;C:\Program Files\nodejs\;D:\Program Files\Java\jdk1.8.0_101\bin;D:\Program Files\Git\cmd;C:\Users\Administrator\.dnx\bin;C:\Program Files\Microsoft DNX\Dnvm\;C:\Program Files\Microsoft SQL Server\130\Tools\Binn\;C:\Program Files\Common Files\Autodesk Shared\;C:\Program Files (x86)\Autodesk\Backburner\;C:\Program Files (x86)\Windows Kits\8.1\Windows Performance Toolkit\;D:\opencv\opencv-2.4.9\build\x86\vc12\bin;C:\Program Files (x86)\NVIDIA Corporation\PhysX\Common;C:\Go\bin;C:\Users\Administrator\AppData\Roaming\npm;C:\Users\Administrator\AppData\Local\GitHubDesktop\bin;C:\Users\Administrator\go\bin;C:\Users\Administrator\AppData\Local\Programs\Microsoft VS Code\bin;D:\eclipse;
USERNAME=Administrator
OS=Windows_NT
PROCESSOR_IDENTIFIER=Intel64 Family 6 Model 94 Stepping 3, GenuineIntel



---------------  S Y S T E M  ---------------

OS: Windows 7 , 64 bit Build 7601 (6.1.7601.24308)

CPU:total 4 (4 cores per cpu, 1 threads per core) family 6 model 94 stepping 3, cmov, cx8, fxsr, mmx, sse, sse2, sse3, ssse3, sse4.1, sse4.2, popcnt, avx, avx2, aes, clmul, erms, rtm, 3dnowpref, lzcnt, tsc, tscinvbit, bmi1, bmi2, adx

Memory: 4k page, physical 16723692k(8687608k free), swap 33445484k(20310480k free)

vm_info: Java HotSpot(TM) 64-Bit Server VM (25.101-b13) for windows-amd64 JRE (1.8.0_101-b13), built on Jun 22 2016 01:21:29 by "java_re" with MS VC++ 10.0 (VS2010)

time: Fri May 10 15:47:32 2019
elapsed time: 0 seconds (0d 0h 0m 0s)

