#
# A fatal error has been detected by the Java Runtime Environment:
#
#  EXCEPTION_ACCESS_VIOLATION (0xc0000005) at pc=0x0000000076f10117, pid=5048, tid=0x0000000000000aac
#
# JRE version: Java(TM) SE Runtime Environment (8.0_101-b13) (build 1.8.0_101-b13)
# Java VM: Java HotSpot(TM) 64-Bit Server VM (25.101-b13 mixed mode windows-amd64 compressed oops)
# Problematic frame:
# C  [ntdll.dll+0x20117]
#
# Failed to write core dump. Minidumps are not enabled by default on client versions of Windows
#
# If you would like to submit a bug report, please visit:
#   http://bugreport.java.com/bugreport/crash.jsp
#

---------------  T H R E A D  ---------------

Current thread (0x00000000024bc000):  JavaThread "main" [_thread_in_vm, id=2732, stack(0x00000000027e0000,0x00000000028e0000)]

siginfo: ExceptionCode=0xc0000005, reading address 0x00000000000003ff

Registers:
RAX=0x00000000028deff8, RBX=0x0000000000000400, RCX=0x00000000025a0000, RDX=0x0000000000000000
RSP=0x00000000028deef0, RBP=0x0000000000000000, RSI=0x00000000025a0000, RDI=0x00000000000003f0
R8 =0x0000000000000400, R9 =0x0000000000000400, R10=0x00000000028f7f28, R11=0x000000006f83b4a0
R12=0x0000000000000000, R13=0x0000000000000400, R14=0x0000000000000000, R15=0x00000000024b0000
RIP=0x0000000076f10117, EFLAGS=0x0000000000010246

Top of Stack: (sp=0x00000000028deef0)
0x00000000028deef0:   0000000000000000 0000000002000000
0x00000000028def00:   00000000028deeb0 00000000029416a0
0x00000000028def10:   0000000000000000 00000000029416b6
0x00000000028def20:   0000000002941aa0 0000000000000000
0x00000000028def30:   0000000000000000 0000000000000000
0x00000000028def40:   00000000029416a0 0000000000010000
0x00000000028def50:   00000000028deeb0 0000000000000000
0x00000000028def60:   0000000000000000 0000000000000000
0x00000000028def70:   0000000000000000 0000000000000000
0x00000000028def80:   0000000000000000 0000000000000000
0x00000000028def90:   0000000000000000 000000006f020000
0x00000000028defa0:   00000000028deeb0 0000000000000000
0x00000000028defb0:   0000000000000000 00000000029416a0
0x00000000028defc0:   0000000000000400 00000000028defd8
0x00000000028defd0:   00000000024bc000 00000000028df1d8
0x00000000028defe0:   000000001b87e098 0000000000000007 

Instructions: (pc=0x0000000076f10117)
0x0000000076f100f7:   89 78 d8 44 8b e5 66 44 8b fd 0f 85 02 f6 06 00
0x0000000076f10107:   f6 c3 0f 0f 85 d8 f5 06 00 49 8d 78 f0 0f 0d 0f
0x0000000076f10117:   80 7f 0f 05 0f 84 93 f5 06 00 f6 47 0f 3f 0f 84
0x0000000076f10127:   99 f5 06 00 48 85 ff 0f 84 28 f7 06 00 80 7b ff 


Register to memory mapping:

RAX=0x00000000028deff8 is pointing into the stack for thread: 0x00000000024bc000
RBX=0x0000000000000400 is an unknown value
RCX=0x00000000025a0000 is an unknown value
RDX=0x0000000000000000 is an unknown value
RSP=0x00000000028deef0 is pointing into the stack for thread: 0x00000000024bc000
RBP=0x0000000000000000 is an unknown value
RSI=0x00000000025a0000 is an unknown value
RDI=0x00000000000003f0 is an unknown value
R8 =0x0000000000000400 is an unknown value
R9 =0x0000000000000400 is an unknown value
R10=0x00000000028f7f28 is at code_begin+840 in an Interpreter codelet
method entry point (kind = native)  [0x00000000028f7be0, 0x00000000028f8540]  2400 bytes
R11=0x000000006f83b4a0 is an unknown value
R12=0x0000000000000000 is an unknown value
R13=0x0000000000000400 is an unknown value
R14=0x0000000000000000 is an unknown value
R15=0x00000000024b0000 is an unknown value


Stack: [0x00000000027e0000,0x00000000028e0000],  sp=0x00000000028deef0,  free space=1019k
Native frames: (J=compiled Java code, j=interpreted, Vv=VM code, C=native code)

Java frames: (J=compiled Java code, j=interpreted, Vv=VM code)
j  sun.misc.Unsafe.reallocateMemory(JJ)J+0
j  com.offheap.UnsafeTest.main([Ljava/lang/String;)V+37
v  ~StubRoutines::call_stub

---------------  P R O C E S S  ---------------

Java Threads: ( => current thread )
  0x000000001d4eb000 JavaThread "Service Thread" daemon [_thread_blocked, id=7448, stack(0x000000001dd80000,0x000000001de80000)]
  0x000000001d46d000 JavaThread "C1 CompilerThread2" daemon [_thread_blocked, id=8892, stack(0x000000001d9a0000,0x000000001daa0000)]
  0x000000001d46c800 JavaThread "C2 CompilerThread1" daemon [_thread_blocked, id=2848, stack(0x0000000012c50000,0x0000000012d50000)]
  0x000000001c1ff000 JavaThread "C2 CompilerThread0" daemon [_thread_blocked, id=12224, stack(0x000000001dc20000,0x000000001dd20000)]
  0x000000001d452800 JavaThread "Attach Listener" daemon [_thread_blocked, id=8436, stack(0x000000001dac0000,0x000000001dbc0000)]
  0x000000001c1f4000 JavaThread "Signal Dispatcher" daemon [_thread_blocked, id=11732, stack(0x000000001d870000,0x000000001d970000)]
  0x000000001c1dc800 JavaThread "Finalizer" daemon [_thread_blocked, id=7156, stack(0x000000001d340000,0x000000001d440000)]
  0x000000001c195000 JavaThread "Reference Handler" daemon [_thread_blocked, id=11440, stack(0x000000001d1f0000,0x000000001d2f0000)]
=>0x00000000024bc000 JavaThread "main" [_thread_in_vm, id=2732, stack(0x00000000027e0000,0x00000000028e0000)]

Other Threads:
  0x000000001c18d800 VMThread [stack: 0x000000001d050000,0x000000001d150000] [id=11476]
  0x000000001d522000 WatcherThread [stack: 0x000000001df60000,0x000000001e060000] [id=9124]

VM state:not at safepoint (normal execution)

VM Mutex/Monitor currently owned by a thread: None

Heap:
 PSYoungGen      total 76288K, used 2621K [0x000000076af00000, 0x0000000770400000, 0x00000007c0000000)
  eden space 65536K, 4% used [0x000000076af00000,0x000000076b18f5e8,0x000000076ef00000)
  from space 10752K, 0% used [0x000000076f980000,0x000000076f980000,0x0000000770400000)
  to   space 10752K, 0% used [0x000000076ef00000,0x000000076ef00000,0x000000076f980000)
 ParOldGen       total 175104K, used 0K [0x00000006c0c00000, 0x00000006cb700000, 0x000000076af00000)
  object space 175104K, 0% used [0x00000006c0c00000,0x00000006c0c00000,0x00000006cb700000)
 Metaspace       used 2680K, capacity 4486K, committed 4864K, reserved 1056768K
  class space    used 290K, capacity 386K, committed 512K, reserved 1048576K

Card table byte_map: [0x0000000011ca0000,0x00000000124a0000] byte_map_base: 0x000000000e69a000

Marking Bits: (ParMarkBitMap*) 0x000000006fe2a6d0
 Begin Bits: [0x0000000013060000, 0x0000000017030000)
 End Bits:   [0x0000000017030000, 0x000000001b000000)

Polling page: 0x0000000000130000

CodeCache: size=245760Kb used=1128Kb max_used=1128Kb free=244631Kb
 bounds [0x00000000028e0000, 0x0000000002b50000, 0x00000000118e0000]
 total_blobs=274 nmethods=39 adapters=148
 compilation: enabled

Compilation events (10 events):
Event: 0.105 Thread 0x000000001d46d000   29       3       java.io.WinNTFileSystem::isLetter (30 bytes)
Event: 0.105 Thread 0x000000001d46d000 nmethod 29 0x00000000029f6690 code [0x00000000029f6800, 0x00000000029f6a50]
Event: 0.108 Thread 0x000000001d46d000   36       3       java.util.Arrays::copyOf (19 bytes)
Event: 0.108 Thread 0x000000001d46d000 nmethod 36 0x00000000029f72d0 code [0x00000000029f7440, 0x00000000029f7768]
Event: 0.108 Thread 0x000000001d46d000   37       3       java.lang.String::lastIndexOf (52 bytes)
Event: 0.109 Thread 0x000000001d46d000 nmethod 37 0x00000000029f7890 code [0x00000000029f7a20, 0x00000000029f7dc8]
Event: 0.109 Thread 0x000000001d46d000   39       3       java.util.HashMap::putVal (300 bytes)
Event: 0.109 Thread 0x000000001d46d000 nmethod 39 0x00000000029f7f50 code [0x00000000029f81c0, 0x00000000029f94b8]
Event: 0.109 Thread 0x000000001d46d000   38       3       java.util.HashMap::put (13 bytes)
Event: 0.109 Thread 0x000000001d46d000 nmethod 38 0x00000000029f9b90 code [0x00000000029f9d20, 0x00000000029fa0d8]

GC Heap History (0 events):
No events

Deoptimization events (0 events):
No events

Internal exceptions (2 events):
Event: 0.029 Thread 0x00000000024bc000 Exception <a 'java/lang/NoSuchMethodError': Method sun.misc.Unsafe.defineClass(Ljava/lang/String;[BII)Ljava/lang/Class; name or signature does not match> (0x000000076af07cc0) thrown at [C:\re\workspace\8-2-build-windows-amd64-cygwin\jdk8u101\7261\hotspot\sPY)›Äù?
Event: 0.029 Thread 0x00000000024bc000 Exception <a 'java/lang/NoSuchMethodError': Method sun.misc.Unsafe.prefetchRead(Ljava/lang/Object;J)V name or signature does not match> (0x000000076af07fa8) thrown at [C:\re\workspace\8-2-build-windows-amd64-cygwin\jdk8u101\7261\hotspot\src\share\vm\prims\

Events (10 events):
Event: 0.108 loading class java/lang/Class$MethodArray
Event: 0.108 loading class java/lang/Class$MethodArray done
Event: 0.108 loading class java/lang/Void
Event: 0.108 loading class java/lang/Void done
Event: 0.108 loading class sun/reflect/UnsafeFieldAccessorFactory
Event: 0.108 loading class sun/reflect/UnsafeFieldAccessorFactory done
Event: 0.109 loading class sun/reflect/UnsafeQualifiedStaticObjectFieldAccessorImpl
Event: 0.109 loading class sun/reflect/UnsafeQualifiedStaticFieldAccessorImpl
Event: 0.109 loading class sun/reflect/UnsafeQualifiedStaticFieldAccessorImpl done
Event: 0.109 loading class sun/reflect/UnsafeQualifiedStaticObjectFieldAccessorImpl done


Dynamic libraries:
0x000000013f050000 - 0x000000013f087000 	D:\Program Files\Java\jdk1.8.0_101\bin\javaw.exe
0x0000000076ef0000 - 0x000000007708f000 	C:\Windows\SYSTEM32\ntdll.dll
0x0000000076dd0000 - 0x0000000076eef000 	C:\Windows\system32\kernel32.dll
0x000007fefcb50000 - 0x000007fefcbba000 	C:\Windows\system32\KERNELBASE.dll
0x000007fefea70000 - 0x000007fefeb4b000 	C:\Windows\system32\ADVAPI32.dll
0x000007fefe690000 - 0x000007fefe72f000 	C:\Windows\system32\msvcrt.dll
0x000007fefd240000 - 0x000007fefd25f000 	C:\Windows\SYSTEM32\sechost.dll
0x000007fefd2c0000 - 0x000007fefd3ed000 	C:\Windows\system32\RPCRT4.dll
0x0000000076cd0000 - 0x0000000076dca000 	C:\Windows\system32\USER32.dll
0x000007fefea00000 - 0x000007fefea67000 	C:\Windows\system32\GDI32.dll
0x000007fefe480000 - 0x000007fefe48e000 	C:\Windows\system32\LPK.dll
0x000007fefe220000 - 0x000007fefe2eb000 	C:\Windows\system32\USP10.dll
0x000007fefb0c0000 - 0x000007fefb2b4000 	C:\Windows\WinSxS\amd64_microsoft.windows.common-controls_6595b64144ccf1df_6.0.7601.17514_none_fa396087175ac9ac\COMCTL32.dll
0x000007fefcf40000 - 0x000007fefcfb1000 	C:\Windows\system32\SHLWAPI.dll
0x000007fefce00000 - 0x000007fefce2e000 	C:\Windows\system32\IMM32.DLL
0x000007fefce30000 - 0x000007fefcf39000 	C:\Windows\system32\MSCTF.dll
0x0000000078f30000 - 0x0000000079002000 	D:\Program Files\Java\jdk1.8.0_101\jre\bin\msvcr100.dll
0x000000006f610000 - 0x000000006feaa000 	D:\Program Files\Java\jdk1.8.0_101\jre\bin\server\jvm.dll
0x000007feefca0000 - 0x000007feefca9000 	C:\Windows\system32\WSOCK32.dll
0x000007fefece0000 - 0x000007fefed2d000 	C:\Windows\system32\WS2_32.dll
0x000007fefecd0000 - 0x000007fefecd8000 	C:\Windows\system32\NSI.dll
0x000007fefa460000 - 0x000007fefa49b000 	C:\Windows\system32\WINMM.dll
0x000007fefbcb0000 - 0x000007fefbcbc000 	C:\Windows\system32\VERSION.dll
0x00000000770a0000 - 0x00000000770a7000 	C:\Windows\system32\PSAPI.DLL
0x0000000067640000 - 0x000000006764f000 	D:\Program Files\Java\jdk1.8.0_101\jre\bin\verify.dll
0x000000005d590000 - 0x000000005d5b9000 	D:\Program Files\Java\jdk1.8.0_101\jre\bin\java.dll
0x000000005d570000 - 0x000000005d586000 	D:\Program Files\Java\jdk1.8.0_101\jre\bin\zip.dll
0x000007fefd410000 - 0x000007fefe19a000 	C:\Windows\system32\SHELL32.dll
0x000007fefe490000 - 0x000007fefe68f000 	C:\Windows\system32\ole32.dll
0x000007fefca50000 - 0x000007fefca5f000 	C:\Windows\system32\profapi.dll
0x000007fef8040000 - 0x000007fef8165000 	C:\Windows\system32\dbghelp.dll

VM Arguments:
jvm_args: -Dfile.encoding=utf-8 
java_command: com.offheap.UnsafeTest
java_class_path (initial): E:\workspace\routetest\route\target\classes;D:\eclipse\plugins\org.junit_4.12.0.v201504281640\junit.jar;D:\eclipse\plugins\org.hamcrest.core_1.3.0.v201303031735.jar;D:\.m2\repository\org\slf4j\slf4j-api\1.7.7\slf4j-api-1.7.7.jar;D:\.m2\repository\org\slf4j\slf4j-log4j12\1.7.7\slf4j-log4j12-1.7.7.jar;E:\workspace\apache-log4j-1.2.17\target\classes;D:\.m2\repository\org\slf4j\jcl-over-slf4j\1.7.7\jcl-over-slf4j-1.7.7.jar;D:\.m2\repository\org\slf4j\jul-to-slf4j\1.7.7\jul-to-slf4j-1.7.7.jar;D:\.m2\repository\com\alibaba\fastjson\1.2.38\fastjson-1.2.38.jar;D:\.m2\repository\mysql\mysql-connector-java\5.1.42\mysql-connector-java-5.1.42.jar;D:\.m2\repository\org\javassist\javassist\3.21.0-GA\javassist-3.21.0-GA.jar;D:\.m2\repository\org\seleniumhq\selenium\selenium-java\3.8.1\selenium-java-3.8.1.jar;D:\.m2\repository\org\seleniumhq\selenium\selenium-api\3.8.1\selenium-api-3.8.1.jar;D:\.m2\repository\org\seleniumhq\selenium\selenium-chrome-driver\3.8.1\selenium-chrome-driver-3.8.1.jar;D:\.m2\repository\org\seleniumhq\selenium\selenium-edge-driver\3.8.1\selenium-edge-driver-3.8.1.jar;D:\.m2\repository\org\seleniumhq\selenium\selenium-firefox-driver\3.8.1\selenium-firefox-driver-3.8.1.jar;D:\.m2\repository\org\seleniumhq\selenium\selenium-ie-driver\3.8.1\selenium-ie-driver-3.8.1.jar;D:\.m2\repository\org\seleniumhq\selenium\selenium-opera-driver\3.8.1\selenium-opera-driver-3.8.1.jar;D:\.m2\repository\org\seleniumhq\selenium\selenium-remote-driver\3.8.1\selenium-remote-driver-3.8.1.jar;D:\.m2\repository\org\seleniumhq\selenium\selenium-safari-driver\3.8.1\selenium-safari-driver-3.8.1.jar;D:\.m2\repository\org\seleniumhq\selenium\selenium-support\3.8.1\selenium-support-3.8.1.jar;D:\.m2\repository\net\bytebuddy\byte-buddy\1.7.5\byte-buddy-1.7.5.jar;D:\.m2\repository\org\apache\commons\commons-exec\1.3\commons-exec-1.3.jar;D:\.m2\repository\commons-codec\commons-codec\1.10\commons-codec-1.10.jar;D:\.m2\repository\commons-logging\commons-logging\1.2\c
Launcher Type: SUN_STANDARD

Environment Variables:
JAVA_HOME=D:\Progra~1\Java\jdk1.8.0_101
CLASSPATH=.;D:\Progra~1\Java\jdk1.8.0_101\lib\dt.jar;D:\Progra~1\Java\jdk1.8.0_101\lib\tools.jar;
PATH=D:/Program Files/Java/jdk1.8.0_101/jre/bin/server;D:/Program Files/Java/jdk1.8.0_101/jre/bin;D:/Program Files/Java/jdk1.8.0_101/jre/lib/amd64;F:\app\Administrator\product\11.2.0\dbhome_2\bin;D:\Program Files\Java\jdk1.8.0_101\jre\bin;C:\Anaconda2;C:\Anaconda2\Scripts;C:\Anaconda2\Library\bin;C:\Program Files (x86)\GtkSharp\2.12\bin;C:\Windows\System32;F:\VisualSVN Server\bin;C:\Program Files (x86)\Microsoft SQL Server\100\Tools\Binn\;C:\Program Files (x86)\Microsoft SQL Server\100\DTS\Binn\;C:\Program Files (x86)\Microsoft SQL Server\100\Tools\Binn\VSShell\Common7\IDE\;C:\strawberry\c\bin;C:\strawberry\perl\bin;C:\Program Files\MySQL\MySQL Utilities 1.6\;D:\apache-maven-3.5.0\bin;D:\scala\bin;C:\Program Files\nodejs\;D:\Program Files\Java\jdk1.8.0_101\bin;D:\Program Files\Git\cmd;C:\Users\Administrator\.dnx\bin;C:\Program Files\Microsoft DNX\Dnvm\;C:\Program Files\Microsoft SQL Server\130\Tools\Binn\;C:\Program Files\Common Files\Autodesk Shared\;C:\Program Files (x86)\Autodesk\Backburner\;C:\Program Files (x86)\Windows Kits\8.1\Windows Performance Toolkit\;D:\opencv\opencv-2.4.9\build\x86\vc12\bin;C:\Program Files (x86)\NVIDIA Corporation\PhysX\Common;C:\Go\bin;C:\Users\Administrator\AppData\Roaming\npm;C:\Users\Administrator\AppData\Local\GitHubDesktop\bin;C:\Users\Administrator\go\bin;C:\Users\Administrator\AppData\Local\Programs\Microsoft VS Code\bin;D:\eclipse;
USERNAME=Administrator
OS=Windows_NT
PROCESSOR_IDENTIFIER=Intel64 Family 6 Model 94 Stepping 3, GenuineIntel



---------------  S Y S T E M  ---------------

OS: Windows 7 , 64 bit Build 7601 (6.1.7601.24308)

CPU:total 4 (4 cores per cpu, 1 threads per core) family 6 model 94 stepping 3, cmov, cx8, fxsr, mmx, sse, sse2, sse3, ssse3, sse4.1, sse4.2, popcnt, avx, avx2, aes, clmul, erms, rtm, 3dnowpref, lzcnt, tsc, tscinvbit, bmi1, bmi2, adx

Memory: 4k page, physical 16723692k(9012132k free), swap 33445484k(23848540k free)

vm_info: Java HotSpot(TM) 64-Bit Server VM (25.101-b13) for windows-amd64 JRE (1.8.0_101-b13), built on Jun 22 2016 01:21:29 by "java_re" with MS VC++ 10.0 (VS2010)

time: Thu May 09 10:55:32 2019
elapsed time: 0 seconds (0d 0h 0m 0s)

